<?xml version="1.0" encoding="UTF-8" ?>
<testsuite tests="10" failures="0" name="ua.pti.myatm.ATMTest" time="0.613" errors="0" skipped="0">
  <properties>
    <property name="idea.version" value="14.1.1"/>
    <property name="java.runtime.name" value="Java(TM) SE Runtime Environment"/>
    <property name="sun.boot.library.path" value="D:\programms\jdk\bin"/>
    <property name="java.vm.version" value="25.40-b25"/>
    <property name="java.vm.vendor" value="Oracle Corporation"/>
    <property name="java.vendor.url" value="http://java.oracle.com/"/>
    <property name="path.separator" value=";"/>
    <property name="guice.disable.misplaced.annotation.check" value="true"/>
    <property name="java.vm.name" value="Java HotSpot(TM) 64-Bit Server VM"/>
    <property name="file.encoding.pkg" value="sun.io"/>
    <property name="idea.launcher.port" value="7544"/>
    <property name="user.script" value=""/>
    <property name="user.country" value="RU"/>
    <property name="sun.java.launcher" value="SUN_STANDARD"/>
    <property name="sun.os.patch.level" value="Service Pack 1"/>
    <property name="java.vm.specification.name" value="Java Virtual Machine Specification"/>
    <property name="user.dir" value="D:\java\ATM"/>
    <property name="java.runtime.version" value="1.8.0_40-b26"/>
    <property name="java.awt.graphicsenv" value="sun.awt.Win32GraphicsEnvironment"/>
    <property name="java.endorsed.dirs" value="D:\programms\jdk\lib\endorsed"/>
    <property name="os.arch" value="amd64"/>
    <property name="java.io.tmpdir" value="C:\Users\D899~1\AppData\Local\Temp\"/>
    <property name="line.separator" value="
"/>
    <property name="java.vm.specification.vendor" value="Oracle Corporation"/>
    <property name="user.variant" value=""/>
    <property name="os.name" value="Windows 7"/>
    <property name="classworlds.conf" value="D:\programms\javaIdea\IntelliJ IDEA Community Edition 14.1.1\plugins\maven\lib\maven3\bin\m2.conf"/>
    <property name="sun.jnu.encoding" value="Cp1251"/>
    <property name="java.library.path" value="D:\programms\jdk\bin;C:\Windows\Sun\Java\bin;C:\Windows\system32;C:\Windows;C:\ProgramData\Oracle\Java\javapath;C:\Windows\system32;C:\Windows;C:\Windows\System32\Wbem;C:\Windows\System32\WindowsPowerShell\v1.0\;C:\Python27;C:\Python27\Scripts;C:\Windows\system32\config\systemprofile\.dnx\bin;C:\Program Files\Microsoft DNX\Dnvm\;C:\Program Files (x86)\Windows Kits\8.1\Windows Performance Toolkit\;C:\Program Files\Microsoft SQL Server\120\Tools\Binn\;C:\Program Files\Microsoft SQL Server\110\Tools\Binn\;C:\Program Files (x86)\Microsoft SQL Server\110\Tools\Binn\ManagementStudio\;C:\Program Files (x86)\Microsoft SQL Server\110\Tools\Binn\;C:\Program Files (x86)\Microsoft SQL Server\110\DTS\Binn\;C:\Program Files\Microsoft SQL Server\110\DTS\Binn\;D:\programms\skype\Phone\;D:\programms\jdk\bin;."/>
    <property name="java.specification.name" value="Java Platform API Specification"/>
    <property name="java.class.version" value="52.0"/>
    <property name="sun.management.compiler" value="HotSpot 64-Bit Tiered Compilers"/>
    <property name="os.version" value="6.1"/>
    <property name="user.home" value="C:\Users\Сергей"/>
    <property name="user.timezone" value="Europe/Helsinki"/>
    <property name="java.awt.printerjob" value="sun.awt.windows.WPrinterJob"/>
    <property name="java.specification.version" value="1.8"/>
    <property name="idea.launcher.bin.path" value="D:\programms\javaIdea\IntelliJ IDEA Community Edition 14.1.1\bin"/>
    <property name="file.encoding" value="windows-1251"/>
    <property name="user.name" value="Сергей"/>
    <property name="java.class.path" value="D:\programms\javaIdea\IntelliJ IDEA Community Edition 14.1.1\plugins\maven\lib\maven3\boot\plexus-classworlds-2.4.jar;D:\programms\javaIdea\IntelliJ IDEA Community Edition 14.1.1\lib\idea_rt.jar"/>
    <property name="java.vm.specification.version" value="1.8"/>
    <property name="sun.arch.data.model" value="64"/>
    <property name="java.home" value="D:\programms\jdk"/>
    <property name="sun.java.command" value="com.intellij.rt.execution.application.AppMain org.codehaus.classworlds.Launcher -Didea.version=14.1.1 verify"/>
    <property name="java.specification.vendor" value="Oracle Corporation"/>
    <property name="user.language" value="ru"/>
    <property name="awt.toolkit" value="sun.awt.windows.WToolkit"/>
    <property name="java.vm.info" value="mixed mode"/>
    <property name="java.version" value="1.8.0_40"/>
    <property name="java.ext.dirs" value="D:\programms\jdk\lib\ext;C:\Windows\Sun\Java\lib\ext"/>
    <property name="sun.boot.class.path" value="D:\programms\jdk\lib\resources.jar;D:\programms\jdk\lib\rt.jar;D:\programms\jdk\lib\sunrsasign.jar;D:\programms\jdk\lib\jsse.jar;D:\programms\jdk\lib\jce.jar;D:\programms\jdk\lib\charsets.jar;D:\programms\jdk\lib\jfr.jar;D:\programms\jdk\classes"/>
    <property name="java.vendor" value="Oracle Corporation"/>
    <property name="maven.home" value="D:\programms\javaIdea\IntelliJ IDEA Community Edition 14.1.1\plugins\maven\lib\maven3"/>
    <property name="file.separator" value="\"/>
    <property name="java.vendor.url.bug" value="http://bugreport.sun.com/bugreport/"/>
    <property name="sun.cpu.endian" value="little"/>
    <property name="sun.io.unicode.encoding" value="UnicodeLittle"/>
    <property name="sun.desktop" value="windows"/>
    <property name="sun.cpu.isalist" value="amd64"/>
  </properties>
  <testcase classname="ua.pti.myatm.ATMTest" name="testCheckBalanceWithoutCard" time="0.397"/>
  <testcase classname="ua.pti.myatm.ATMTest" name="testGetCashForNotEnoughMoneyInAccount" time="0.057"/>
  <testcase classname="ua.pti.myatm.ATMTest" name="testGetCashForNotEnoughMoneyInATMException" time="0"/>
  <testcase classname="ua.pti.myatm.ATMTest" name="testGetCash" time="0"/>
  <testcase classname="ua.pti.myatm.ATMTest" name="testValidateBlockedCard" time="0"/>
  <testcase classname="ua.pti.myatm.ATMTest" name="testGetMoneyInATM" time="0"/>
  <testcase classname="ua.pti.myatm.ATMTest" name="testCheckBalance" time="0"/>
  <testcase classname="ua.pti.myatm.ATMTest" name="testValidateCardWithIllegalPIN" time="0"/>
  <testcase classname="ua.pti.myatm.ATMTest" name="testNegativeATMBalance" time="0"/>
  <testcase classname="ua.pti.myatm.ATMTest" name="testValidateCard" time="0"/>
</testsuite>